# JRE version: OpenJDK Runtime Environment 18.9 (11.0.11+9) (build 11.0.11+9)
# Java VM: OpenJDK 64-Bit Server VM 18.9 (11.0.11+9, mixed mode, tiered, compressed oops, g1 gc, linux-amd64)
Heap:
 garbage-first heap   total 524288K, used 96098K [0x0000000700000000, 0x0000000800000000)
  region size 1024K, 60 young (61440K), 1 survivors (1024K)
 Metaspace       used 26298K, capacity 28066K, committed 28416K, reserved 1075200K
  class space    used 2499K, capacity 3024K, committed 3072K, reserved 1048576K
GC Heap History (20 events):
Event: 30.693 GC heap before
{Heap before GC invocations=0 (full 0):
 garbage-first heap   total 524288K, used 25600K [0x0000000700000000, 0x0000000800000000)
  region size 1024K, 25 young (25600K), 0 survivors (0K)
 Metaspace       used 14291K, capacity 14590K, committed 14848K, reserved 1062912K
  class space    used 1333K, capacity 1438K, committed 1536K, reserved 1048576K
}
Event: 30.721 GC heap after
{Heap after GC invocations=1 (full 0):
 garbage-first heap   total 524288K, used 4020K [0x0000000700000000, 0x0000000800000000)
  region size 1024K, 4 young (4096K), 4 survivors (4096K)
 Metaspace       used 14291K, capacity 14590K, committed 14848K, reserved 1062912K
  class space    used 1333K, capacity 1438K, committed 1536K, reserved 1048576K
}
Event: 32.081 GC heap before
{Heap before GC invocations=1 (full 0):
 garbage-first heap   total 524288K, used 24500K [0x0000000700000000, 0x0000000800000000)
  region size 1024K, 25 young (25600K), 4 survivors (4096K)
 Metaspace       used 14868K, capacity 15165K, committed 15360K, reserved 1062912K
  class space    used 1383K, capacity 1479K, committed 1536K, reserved 1048576K
}
Event: 32.238 GC heap after
{Heap after GC invocations=2 (full 0):
 garbage-first heap   total 524288K, used 8780K [0x0000000700000000, 0x0000000800000000)
  region size 1024K, 4 young (4096K), 4 survivors (4096K)
 Metaspace       used 14868K, capacity 15165K, committed 15360K, reserved 1062912K
  class space    used 1383K, capacity 1479K, committed 1536K, reserved 1048576K
}
Event: 33.449 GC heap before
{Heap before GC invocations=2 (full 0):
 garbage-first heap   total 524288K, used 29260K [0x0000000700000000, 0x0000000800000000)
  region size 1024K, 25 young (25600K), 4 survivors (4096K)
 Metaspace       used 14998K, capacity 15293K, committed 15360K, reserved 1062912K
  class space    used 1383K, capacity 1479K, committed 1536K, reserved 1048576K
}
Event: 33.469 GC heap after
{Heap after GC invocations=3 (full 0):
 garbage-first heap   total 524288K, used 12227K [0x0000000700000000, 0x0000000800000000)
  region size 1024K, 4 young (4096K), 4 survivors (4096K)
 Metaspace       used 14998K, capacity 15293K, committed 15360K, reserved 1062912K
  class space    used 1383K, capacity 1479K, committed 1536K, reserved 1048576K
}
Event: 34.590 GC heap before
{Heap before GC invocations=3 (full 0):
 garbage-first heap   total 524288K, used 33731K [0x0000000700000000, 0x0000000800000000)
  region size 1024K, 25 young (25600K), 4 survivors (4096K)
 Metaspace       used 15086K, capacity 15421K, committed 15616K, reserved 1062912K
  class space    used 1383K, capacity 1479K, committed 1536K, reserved 1048576K
}
Event: 34.597 GC heap after
{Heap after GC invocations=4 (full 0):
 garbage-first heap   total 524288K, used 13771K [0x0000000700000000, 0x0000000800000000)
  region size 1024K, 4 young (4096K), 4 survivors (4096K)
 Metaspace       used 15086K, capacity 15421K, committed 15616K, reserved 1062912K
  class space    used 1383K, capacity 1479K, committed 1536K, reserved 1048576K
}
Event: 35.822 GC heap before
{Heap before GC invocations=4 (full 0):
 garbage-first heap   total 524288K, used 39371K [0x0000000700000000, 0x0000000800000000)
  region size 1024K, 29 young (29696K), 4 survivors (4096K)
 Metaspace       used 15330K, capacity 15616K, committed 15872K, reserved 1062912K
  class space    used 1387K, capacity 1480K, committed 1536K, reserved 1048576K
}
Event: 35.853 GC heap after
{Heap after GC invocations=5 (full 0):
 garbage-first heap   total 524288K, used 17719K [0x0000000700000000, 0x0000000800000000)
  region size 1024K, 4 young (4096K), 4 survivors (4096K)
 Metaspace       used 15330K, capacity 15616K, committed 15872K, reserved 1062912K
  class space    used 1387K, capacity 1480K, committed 1536K, reserved 1048576K
}
Event: 36.051 GC heap before
{Heap before GC invocations=5 (full 0):
 garbage-first heap   total 524288K, used 47415K [0x0000000700000000, 0x0000000800000000)
  region size 1024K, 33 young (33792K), 4 survivors (4096K)
 Metaspace       used 15502K, capacity 15744K, committed 15872K, reserved 1062912K
  class space    used 1393K, capacity 1480K, committed 1536K, reserved 1048576K
}
Event: 36.144 GC heap after
{Heap after GC invocations=6 (full 0):
 garbage-first heap   total 524288K, used 34637K [0x0000000700000000, 0x0000000800000000)
  region size 1024K, 5 young (5120K), 5 survivors (5120K)
 Metaspace       used 15502K, capacity 15744K, committed 15872K, reserved 1062912K
  class space    used 1393K, capacity 1480K, committed 1536K, reserved 1048576K
}
Event: 36.277 GC heap before
{Heap before GC invocations=6 (full 0):
 garbage-first heap   total 524288K, used 63309K [0x0000000700000000, 0x0000000800000000)
  region size 1024K, 33 young (33792K), 5 survivors (5120K)
 Metaspace       used 15568K, capacity 15872K, committed 16128K, reserved 1064960K
  class space    used 1393K, capacity 1480K, committed 1536K, reserved 1048576K
}
Event: 36.291 GC heap after
{Heap after GC invocations=7 (full 0):
 garbage-first heap   total 524288K, used 36216K [0x0000000700000000, 0x0000000800000000)
  region size 1024K, 5 young (5120K), 5 survivors (5120K)
 Metaspace       used 15568K, capacity 15872K, committed 16128K, reserved 1064960K
  class space    used 1393K, capacity 1480K, committed 1536K, reserved 1048576K
}
Event: 38.413 GC heap before
{Heap before GC invocations=7 (full 0):
 garbage-first heap   total 524288K, used 71032K [0x0000000700000000, 0x0000000800000000)
  region size 1024K, 40 young (40960K), 5 survivors (5120K)
 Metaspace       used 19677K, capacity 20639K, committed 20864K, reserved 1069056K
  class space    used 1817K, capacity 2120K, committed 2176K, reserved 1048576K
}
Event: 38.521 GC heap after
{Heap after GC invocations=8 (full 0):
 garbage-first heap   total 524288K, used 45056K [0x0000000700000000, 0x0000000800000000)
  region size 1024K, 5 young (5120K), 5 survivors (5120K)
 Metaspace       used 19677K, capacity 20639K, committed 20864K, reserved 1069056K
  class space    used 1817K, capacity 2120K, committed 2176K, reserved 1048576K
}
Event: 39.389 GC heap before
{Heap before GC invocations=8 (full 0):
 garbage-first heap   total 524288K, used 71680K [0x0000000700000000, 0x0000000800000000)
  region size 1024K, 32 young (32768K), 5 survivors (5120K)
 Metaspace       used 20264K, capacity 21247K, committed 21296K, reserved 1069056K
  class space    used 1858K, capacity 2172K, committed 2176K, reserved 1048576K
}
Event: 39.419 GC heap after
{Heap after GC invocations=9 (full 0):
 garbage-first heap   total 524288K, used 50176K [0x0000000700000000, 0x0000000800000000)
  region size 1024K, 5 young (5120K), 5 survivors (5120K)
 Metaspace       used 20264K, capacity 21247K, committed 21296K, reserved 1069056K
  class space    used 1858K, capacity 2172K, committed 2176K, reserved 1048576K
}
Event: 39.721 GC heap before
{Heap before GC invocations=10 (full 0):
 garbage-first heap   total 524288K, used 79872K [0x0000000700000000, 0x0000000800000000)
  region size 1024K, 48 young (49152K), 5 survivors (5120K)
 Metaspace       used 20417K, capacity 21410K, committed 21628K, reserved 1069056K
  class space    used 1873K, capacity 2205K, committed 2304K, reserved 1048576K
}
Event: 39.733 GC heap after
{Heap after GC invocations=11 (full 0):
 garbage-first heap   total 524288K, used 37730K [0x0000000700000000, 0x0000000800000000)
  region size 1024K, 1 young (1024K), 1 survivors (1024K)
 Metaspace       used 20417K, capacity 21410K, committed 21628K, reserved 1069056K
  class space    used 1873K, capacity 2205K, committed 2304K, reserved 1048576K
}

